<?xml version="1.0" encoding="UTF-8"?>
<!-- Generated by org.testng.reporters.JUnitReportReporter -->
<testsuite ignored="0" hostname="VNPF1RDR7L" failures="0" tests="1" name="com.qmetry.qaf.automation.step.client.Scenario" time="27.452" errors="0" timestamp="30 Nov 2020 03:59:27 GMT" skipped="0">
  <testcase classname="com.qmetry.qaf.automation.step.client.Scenario" name="Sample Test" time="27.452"/>
</testsuite> <!-- com.qmetry.qaf.automation.step.client.Scenario -->
