<?xml version="1.0" encoding="UTF-8"?>
<!-- Generated by org.testng.reporters.JUnitReportReporter -->
<testsuite ignored="0" hostname="VNPF1RDR7L" failures="0" tests="1" name="com.qmetry.qaf.automation.step.client.Scenario" time="28.316" errors="0" timestamp="27 Nov 2020 10:20:41 GMT" skipped="0">
  <testcase classname="com.qmetry.qaf.automation.step.client.Scenario" name="Sample Test" time="28.316"/>
</testsuite> <!-- com.qmetry.qaf.automation.step.client.Scenario -->
