<?xml version="1.0" encoding="UTF-8"?>
<!-- Generated by org.testng.reporters.JUnitReportReporter -->
<testsuite ignored="0" hostname="VN-PC0AY4R7" failures="0" tests="1" name="com.qmetry.qaf.automation.step.client.Scenario" time="12.359" errors="0" timestamp="26 Nov 2020 10:32:11 GMT" skipped="0">
  <testcase classname="com.qmetry.qaf.automation.step.client.Scenario" name="Sample Test" time="12.359"/>
</testsuite> <!-- com.qmetry.qaf.automation.step.client.Scenario -->
