<?xml version="1.0" encoding="UTF-8"?>
<!-- Generated by org.testng.reporters.JUnitReportReporter -->
<testsuite ignored="0" hostname="VNPF1RDR7L" failures="0" tests="1" name="com.qmetry.qaf.example.test.SampleTest" time="4.852" errors="0" timestamp="25 Nov 2020 09:13:19 GMT" skipped="0">
  <testcase classname="com.qmetry.qaf.example.test.SampleTest" name="testGoogleSearch" time="4.852"/>
</testsuite> <!-- com.qmetry.qaf.example.test.SampleTest -->
